2024-08-09 14:12:55.740 D [MediaServer] [528288-MediaServer] System.cpp:148 startDaemon | 启动子进程:528291
2024-08-09 14:12:55.740 I [MediaServer] [528291-MediaServer] System.cpp:192 systemSetup | core文件大小设置为:18446744073709551615
2024-08-09 14:12:55.740 I [MediaServer] [528291-MediaServer] System.cpp:201 systemSetup | 文件最大描述符个数设置为:1048576
2024-08-09 14:12:55.740 I [MediaServer] [528291-MediaServer] main.cpp:256 start_main | ZLMediaKit(git hash:57a56c1/2024-08-08T14:32:47+08:00,branch:master,build time:2024-08-09T14:09:46)
2024-08-09 14:12:55.742 W [MediaServer] [528291-MediaServer] main.cpp:266 start_main | The api.secret is invalid, modified it to: jBkZk1S4eQlaGDpkyTxiikcHHMWbdwEV, saved config file: /home/wq/Tsubaki/ZLMediaKit_clean/ZLMediaKit/release/linux/Debug/config.ini
2024-08-09 14:12:55.804 D [MediaServer] [528291-MediaServer] SSLBox.cpp:174 setContext | Add certificate of: default.zlmediakit.com
2024-08-09 14:12:55.804 D [MediaServer] [528291-stamp thread] util.cpp:366 operator() | Stamp thread started
2024-08-09 14:12:55.805 I [MediaServer] [528291-MediaServer] EventPoller.cpp:592 EventPollerPool | EventPoller created size: 4
2024-08-09 14:12:55.805 I [MediaServer] [528291-MediaServer] main.cpp:360 start_main | 已启动http api 接口
2024-08-09 14:12:55.805 I [MediaServer] [528291-MediaServer] main.cpp:362 start_main | 已启动http hook 接口
2024-08-09 14:12:55.806 I [MediaServer] [528291-MediaServer] TcpServer.cpp:221 start_l | TCP server listening on [::]: 554
2024-08-09 14:12:55.806 I [MediaServer] [528291-MediaServer] TcpServer.cpp:221 start_l | TCP server listening on [::]: 1935
2024-08-09 14:12:55.806 I [MediaServer] [528291-MediaServer] TcpServer.cpp:221 start_l | TCP server listening on [::]: 80
2024-08-09 14:12:55.806 I [MediaServer] [528291-MediaServer] TcpServer.cpp:221 start_l | TCP server listening on [::]: 443
2024-08-09 14:12:55.807 I [MediaServer] [528291-MediaServer] UdpServer.cpp:123 start_l | UDP server bind to [::]: 10000
2024-08-09 14:12:55.807 I [MediaServer] [528291-MediaServer] TcpServer.cpp:221 start_l | TCP server listening on [::]: 10000
2024-08-09 14:12:55.807 I [MediaServer] [528291-MediaServer] UdpServer.cpp:123 start_l | UDP server bind to [::]: 9000
2024-08-09 14:13:38.388 W [MediaServer] [528291-stamp thread] util.cpp:385 operator() | Stamp expired is abnormal: 1503836
2024-08-09 14:13:37.124 W [MediaServer] [528291-stamp thread] util.cpp:385 operator() | Stamp expired is abnormal: -1529017
2024-08-09 14:13:59.674 D [MediaServer] [528291-event poller 1] MediaSink.cpp:162 emitAllTrackReady | All track ready use 1785ms
2024-08-09 14:13:59.674 I [MediaServer] [528291-event poller 1] MediaSource.cpp:476 emitEvent | 媒体注册:fmp4://__defaultVhost__/live/123
2024-08-09 14:13:59.674 I [MediaServer] [528291-event poller 1] MultiMediaSourceMuxer.cpp:562 onAllTrackReady | stream: rtsp://192.168.74.128:554/live/123 , codec info: mpeg4-generic[8000/1/16] H264[848/480/24] 
2024-08-09 14:13:59.674 I [MediaServer] [528291-event poller 1] MediaSource.cpp:476 emitEvent | 媒体注册:rtmp://__defaultVhost__/live/123
2024-08-09 14:13:59.675 I [MediaServer] [528291-event poller 1] MediaSource.cpp:476 emitEvent | 媒体注册:ts://__defaultVhost__/live/123
2024-08-09 14:13:59.675 I [MediaServer] [528291-event poller 1] MediaSource.cpp:476 emitEvent | 媒体注册:rtsp://__defaultVhost__/live/123
2024-08-09 14:14:10.103 I [MediaServer] [528291-event poller 1] MediaSource.cpp:476 emitEvent | 媒体注册:hls://__defaultVhost__/live/123
2024-08-09 14:14:38.383 W [MediaServer] [528291-stamp thread] util.cpp:385 operator() | Stamp expired is abnormal: 1524606
2024-08-09 14:14:37.156 W [MediaServer] [528291-stamp thread] util.cpp:385 operator() | Stamp expired is abnormal: -1547179
2024-08-09 14:15:16.734 I [MediaServer] [528291-event poller 0] RtspSession.cpp:819 handleReq_Play | 2-32(192.168.74.128:34657) rtsp seekTo(ms):0
2024-08-09 14:15:16.734 I [MediaServer] [528291-event poller 0] RtspSession.cpp:849 handleReq_Play | 2-32(192.168.74.128:34657) 指定播放track:0
2024-08-09 14:15:26.184 W [MediaServer] [528291-event poller 0] RtspSession.cpp:62 onError | 2-32(192.168.74.128:34657) RTSP播放器(__defaultVhost__/live/123)断开:recv teardown request,耗时(s):9
2024-08-09 14:15:38.367 W [MediaServer] [528291-stamp thread] util.cpp:385 operator() | Stamp expired is abnormal: 1533201
2024-08-09 14:15:37.100 W [MediaServer] [528291-stamp thread] util.cpp:385 operator() | Stamp expired is abnormal: -1542754
2024-08-09 14:16:38.344 W [MediaServer] [528291-stamp thread] util.cpp:385 operator() | Stamp expired is abnormal: 1520296
2024-08-09 14:16:37.064 W [MediaServer] [528291-stamp thread] util.cpp:385 operator() | Stamp expired is abnormal: -1529044
2024-08-09 14:17:10.905 I [MediaServer] [528291-event poller 1] RtspSession.cpp:819 handleReq_Play | 3-31(192.168.74.128:33137) rtsp seekTo(ms):0
2024-08-09 14:17:10.905 I [MediaServer] [528291-event poller 1] RtspSession.cpp:849 handleReq_Play | 3-31(192.168.74.128:33137) 指定播放track:0
2024-08-09 14:17:30.342 W [MediaServer] [528291-event poller 1] RtspSession.cpp:62 onError | 3-31(192.168.74.128:33137) RTSP播放器(__defaultVhost__/live/123)断开:recv teardown request,耗时(s):19
2024-08-09 14:17:38.360 W [MediaServer] [528291-stamp thread] util.cpp:385 operator() | Stamp expired is abnormal: 1546960
2024-08-09 14:17:37.118 W [MediaServer] [528291-stamp thread] util.cpp:385 operator() | Stamp expired is abnormal: -1534422
2024-08-09 14:18:19.773 I [MediaServer] [528291-event poller 1] RtspSession.cpp:819 handleReq_Play | 4-44(192.168.74.128:43497) rtsp seekTo(ms):0
2024-08-09 14:18:19.773 I [MediaServer] [528291-event poller 1] RtspSession.cpp:849 handleReq_Play | 4-44(192.168.74.128:43497) 指定播放track:0
2024-08-09 14:18:33.258 W [MediaServer] [528291-event poller 1] RtspSession.cpp:62 onError | 4-44(192.168.74.128:43497) RTSP播放器(__defaultVhost__/live/123)断开:recv teardown request,耗时(s):13
2024-08-09 14:18:38.369 W [MediaServer] [528291-stamp thread] util.cpp:385 operator() | Stamp expired is abnormal: 1544369
2024-08-09 14:18:37.078 W [MediaServer] [528291-stamp thread] util.cpp:385 operator() | Stamp expired is abnormal: -1519012
2024-08-09 14:19:38.395 W [MediaServer] [528291-stamp thread] util.cpp:385 operator() | Stamp expired is abnormal: 1545902
2024-08-09 14:19:37.132 W [MediaServer] [528291-stamp thread] util.cpp:385 operator() | Stamp expired is abnormal: -1522360
2024-08-09 14:20:38.420 W [MediaServer] [528291-stamp thread] util.cpp:385 operator() | Stamp expired is abnormal: 1548136
2024-08-09 14:20:37.126 W [MediaServer] [528291-stamp thread] util.cpp:385 operator() | Stamp expired is abnormal: -1522474
2024-08-09 14:21:38.434 W [MediaServer] [528291-stamp thread] util.cpp:385 operator() | Stamp expired is abnormal: 1537009
2024-08-09 14:21:37.184 W [MediaServer] [528291-stamp thread] util.cpp:385 operator() | Stamp expired is abnormal: -1563788
2024-08-09 14:22:20.384 I [MediaServer] [528291-event poller 1] RtspSession.cpp:819 handleReq_Play | 5-44(192.168.74.128:42477) rtsp seekTo(ms):0
2024-08-09 14:22:20.384 I [MediaServer] [528291-event poller 1] RtspSession.cpp:849 handleReq_Play | 5-44(192.168.74.128:42477) 指定播放track:0
2024-08-09 14:22:38.408 W [MediaServer] [528291-stamp thread] util.cpp:385 operator() | Stamp expired is abnormal: 1538209
2024-08-09 14:22:37.162 W [MediaServer] [528291-stamp thread] util.cpp:385 operator() | Stamp expired is abnormal: -1534311
2024-08-09 14:22:40.094 W [MediaServer] [528291-event poller 1] RtspSession.cpp:62 onError | 5-44(192.168.74.128:42477) RTSP播放器(__defaultVhost__/live/123)断开:recv teardown request,耗时(s):19
2024-08-09 14:23:38.392 W [MediaServer] [528291-stamp thread] util.cpp:385 operator() | Stamp expired is abnormal: 1519705
2024-08-09 14:23:37.126 W [MediaServer] [528291-stamp thread] util.cpp:385 operator() | Stamp expired is abnormal: -1544315
2024-08-09 14:24:38.415 W [MediaServer] [528291-stamp thread] util.cpp:385 operator() | Stamp expired is abnormal: 1567737
2024-08-09 14:24:37.198 W [MediaServer] [528291-stamp thread] util.cpp:385 operator() | Stamp expired is abnormal: -1563743
2024-08-09 14:25:38.368 W [MediaServer] [528291-stamp thread] util.cpp:385 operator() | Stamp expired is abnormal: 1516816
2024-08-09 14:25:37.104 W [MediaServer] [528291-stamp thread] util.cpp:385 operator() | Stamp expired is abnormal: -1552291
2024-08-09 14:26:38.340 W [MediaServer] [528291-stamp thread] util.cpp:385 operator() | Stamp expired is abnormal: 1524762
2024-08-09 14:26:37.089 W [MediaServer] [528291-stamp thread] util.cpp:385 operator() | Stamp expired is abnormal: -1539447
2024-08-09 14:27:38.345 W [MediaServer] [528291-stamp thread] util.cpp:385 operator() | Stamp expired is abnormal: 1545879
2024-08-09 14:27:37.067 W [MediaServer] [528291-stamp thread] util.cpp:385 operator() | Stamp expired is abnormal: -1543529
2024-08-09 14:28:38.321 W [MediaServer] [528291-stamp thread] util.cpp:385 operator() | Stamp expired is abnormal: 1521062
2024-08-09 14:28:37.063 W [MediaServer] [528291-stamp thread] util.cpp:385 operator() | Stamp expired is abnormal: -1561439
2024-08-09 14:29:38.289 W [MediaServer] [528291-stamp thread] util.cpp:385 operator() | Stamp expired is abnormal: 1529849
2024-08-09 14:29:37.069 W [MediaServer] [528291-stamp thread] util.cpp:385 operator() | Stamp expired is abnormal: -1554334
2024-08-09 14:30:38.266 W [MediaServer] [528291-stamp thread] util.cpp:385 operator() | Stamp expired is abnormal: 1531864
2024-08-09 14:30:36.993 W [MediaServer] [528291-stamp thread] util.cpp:385 operator() | Stamp expired is abnormal: -1515458
2024-08-09 14:31:38.282 W [MediaServer] [528291-stamp thread] util.cpp:385 operator() | Stamp expired is abnormal: 1532190
2024-08-09 14:31:37.024 W [MediaServer] [528291-stamp thread] util.cpp:385 operator() | Stamp expired is abnormal: -1559892
2024-08-09 14:32:38.245 W [MediaServer] [528291-stamp thread] util.cpp:385 operator() | Stamp expired is abnormal: 1524542
2024-08-09 14:32:36.996 W [MediaServer] [528291-stamp thread] util.cpp:385 operator() | Stamp expired is abnormal: -1568736
2024-08-09 14:33:38.250 W [MediaServer] [528291-stamp thread] util.cpp:385 operator() | Stamp expired is abnormal: 1575007
2024-08-09 14:33:36.953 W [MediaServer] [528291-stamp thread] util.cpp:385 operator() | Stamp expired is abnormal: -1521965
2024-08-09 14:34:38.245 W [MediaServer] [528291-stamp thread] util.cpp:385 operator() | Stamp expired is abnormal: 1518013
2024-08-09 14:34:37.005 W [MediaServer] [528291-stamp thread] util.cpp:385 operator() | Stamp expired is abnormal: -1550296
2024-08-09 14:35:38.242 W [MediaServer] [528291-stamp thread] util.cpp:385 operator() | Stamp expired is abnormal: 1547437
2024-08-09 14:35:36.959 W [MediaServer] [528291-stamp thread] util.cpp:385 operator() | Stamp expired is abnormal: -1534675
2024-08-09 14:36:38.228 W [MediaServer] [528291-stamp thread] util.cpp:385 operator() | Stamp expired is abnormal: 1522581
2024-08-09 14:36:36.989 W [MediaServer] [528291-stamp thread] util.cpp:385 operator() | Stamp expired is abnormal: -1544968
2024-08-09 14:37:38.239 W [MediaServer] [528291-stamp thread] util.cpp:385 operator() | Stamp expired is abnormal: 1557141
2024-08-09 14:37:37.009 W [MediaServer] [528291-stamp thread] util.cpp:385 operator() | Stamp expired is abnormal: -1565235
2024-08-09 14:38:38.245 W [MediaServer] [528291-stamp thread] util.cpp:385 operator() | Stamp expired is abnormal: 1571108
2024-08-09 14:38:36.981 W [MediaServer] [528291-stamp thread] util.cpp:385 operator() | Stamp expired is abnormal: -1556622
2024-08-09 14:39:38.212 W [MediaServer] [528291-stamp thread] util.cpp:385 operator() | Stamp expired is abnormal: 1523884
2024-08-09 14:39:36.964 W [MediaServer] [528291-stamp thread] util.cpp:385 operator() | Stamp expired is abnormal: -1545720
2024-08-09 14:40:38.242 W [MediaServer] [528291-stamp thread] util.cpp:385 operator() | Stamp expired is abnormal: 1576473
2024-08-09 14:40:38.247 W [MediaServer] [528291-event poller 1] Stamp.cpp:334 getNtpStampUS | rtp stamp abnormal reduced:1928424864 -> 1928149982
2024-08-09 14:40:36.992 W [MediaServer] [528291-stamp thread] util.cpp:385 operator() | Stamp expired is abnormal: -1549188
2024-08-09 14:41:38.244 W [MediaServer] [528291-stamp thread] util.cpp:385 operator() | Stamp expired is abnormal: 1550984
2024-08-09 14:41:38.306 W [MediaServer] [528291-event poller 1] Stamp.cpp:334 getNtpStampUS | rtp stamp abnormal reduced:1933826304 -> 1933555382
2024-08-09 14:41:36.946 W [MediaServer] [528291-stamp thread] util.cpp:385 operator() | Stamp expired is abnormal: -1522296
2024-08-09 14:42:38.248 W [MediaServer] [528291-stamp thread] util.cpp:385 operator() | Stamp expired is abnormal: 1527611
2024-08-09 14:42:38.281 W [MediaServer] [528291-event poller 1] Stamp.cpp:334 getNtpStampUS | rtp stamp abnormal reduced:1939227924 -> 1938949521
2024-08-09 14:42:37.013 W [MediaServer] [528291-stamp thread] util.cpp:385 operator() | Stamp expired is abnormal: -1548142
2024-08-09 14:43:38.249 W [MediaServer] [528291-stamp thread] util.cpp:385 operator() | Stamp expired is abnormal: 1552591
2024-08-09 14:43:38.262 W [MediaServer] [528291-event poller 1] Stamp.cpp:334 getNtpStampUS | rtp stamp abnormal reduced:1944626124 -> 1944351167
2024-08-09 14:43:43.265 W [MediaServer] [528291-event poller 1] Stamp.cpp:334 getNtpStampUS | rtp stamp abnormal reduced:1945076484 -> 1944805371
2024-08-09 14:43:48.271 W [MediaServer] [528291-event poller 1] Stamp.cpp:334 getNtpStampUS | rtp stamp abnormal reduced:1945526934 -> 1945244560
2024-08-09 14:43:53.275 W [MediaServer] [528291-event poller 1] Stamp.cpp:334 getNtpStampUS | rtp stamp abnormal reduced:1945977384 -> 1945702517
2024-08-09 14:43:52.219 W [MediaServer] [528291-stamp thread] util.cpp:385 operator() | Stamp expired is abnormal: -1567243
2024-08-09 14:44:38.228 W [MediaServer] [528291-stamp thread] util.cpp:385 operator() | Stamp expired is abnormal: 1547116
2024-08-09 14:44:38.342 W [MediaServer] [528291-event poller 1] Stamp.cpp:334 getNtpStampUS | rtp stamp abnormal reduced:1950025674 -> 1949752813
2024-08-09 14:44:36.929 W [MediaServer] [528291-stamp thread] util.cpp:385 operator() | Stamp expired is abnormal: -1523639
2024-08-09 14:45:38.251 W [MediaServer] [528291-stamp thread] util.cpp:385 operator() | Stamp expired is abnormal: 1547875
2024-08-09 14:45:38.256 W [MediaServer] [528291-event poller 1] Stamp.cpp:334 getNtpStampUS | rtp stamp abnormal reduced:1955425584 -> 1955146952
2024-08-09 14:45:36.969 W [MediaServer] [528291-stamp thread] util.cpp:385 operator() | Stamp expired is abnormal: -1538553
2024-08-09 14:46:38.268 W [MediaServer] [528291-stamp thread] util.cpp:385 operator() | Stamp expired is abnormal: 1557910
2024-08-09 14:46:38.289 W [MediaServer] [528291-event poller 1] Stamp.cpp:334 getNtpStampUS | rtp stamp abnormal reduced:1960828644 -> 1960544845
2024-08-09 14:46:37.011 W [MediaServer] [528291-stamp thread] util.cpp:385 operator() | Stamp expired is abnormal: -1562795
2024-08-09 14:47:38.266 W [MediaServer] [528291-stamp thread] util.cpp:385 operator() | Stamp expired is abnormal: 1563279
2024-08-09 14:47:38.347 W [MediaServer] [528291-event poller 1] Stamp.cpp:334 getNtpStampUS | rtp stamp abnormal reduced:1966230174 -> 1965957752
2024-08-09 14:47:37.012 W [MediaServer] [528291-stamp thread] util.cpp:385 operator() | Stamp expired is abnormal: -1563825
2024-08-09 14:48:38.246 W [MediaServer] [528291-stamp thread] util.cpp:385 operator() | Stamp expired is abnormal: 1544083
2024-08-09 14:48:38.261 W [MediaServer] [528291-event poller 1] Stamp.cpp:334 getNtpStampUS | rtp stamp abnormal reduced:1971626034 -> 1971344383
2024-08-09 14:48:36.993 W [MediaServer] [528291-stamp thread] util.cpp:385 operator() | Stamp expired is abnormal: -1536941
2024-08-09 14:49:38.241 W [MediaServer] [528291-stamp thread] util.cpp:385 operator() | Stamp expired is abnormal: 1532919
2024-08-09 14:49:38.315 W [MediaServer] [528291-event poller 1] Stamp.cpp:334 getNtpStampUS | rtp stamp abnormal reduced:1977027114 -> 1976753537
2024-08-09 14:49:36.941 W [MediaServer] [528291-stamp thread] util.cpp:385 operator() | Stamp expired is abnormal: -1524869
2024-08-09 14:50:38.227 W [MediaServer] [528291-stamp thread] util.cpp:385 operator() | Stamp expired is abnormal: 1510837
2024-08-09 14:50:38.232 W [MediaServer] [528291-event poller 1] Stamp.cpp:334 getNtpStampUS | rtp stamp abnormal reduced:1982423514 -> 1982143922
2024-08-09 14:50:36.926 W [MediaServer] [528291-stamp thread] util.cpp:385 operator() | Stamp expired is abnormal: -1525231
2024-08-09 14:51:38.253 W [MediaServer] [528291-stamp thread] util.cpp:385 operator() | Stamp expired is abnormal: 1552124
2024-08-09 14:51:38.276 W [MediaServer] [528291-event poller 1] Stamp.cpp:334 getNtpStampUS | rtp stamp abnormal reduced:1987827474 -> 1987553076
2024-08-09 14:51:36.981 W [MediaServer] [528291-stamp thread] util.cpp:385 operator() | Stamp expired is abnormal: -1528494
2024-08-09 14:52:38.314 W [MediaServer] [528291-stamp thread] util.cpp:385 operator() | Stamp expired is abnormal: 1589396
2024-08-09 14:52:38.315 W [MediaServer] [528291-event poller 1] Stamp.cpp:334 getNtpStampUS | rtp stamp abnormal reduced:1993230984 -> 1992943461
2024-08-09 14:52:37.028 W [MediaServer] [528291-stamp thread] util.cpp:385 operator() | Stamp expired is abnormal: -1538174
2024-08-09 14:53:38.315 W [MediaServer] [528291-stamp thread] util.cpp:385 operator() | Stamp expired is abnormal: 1541142
2024-08-09 14:53:38.329 W [MediaServer] [528291-event poller 1] Stamp.cpp:334 getNtpStampUS | rtp stamp abnormal reduced:1998632244 -> 1998356368
2024-08-09 14:53:37.086 W [MediaServer] [528291-stamp thread] util.cpp:385 operator() | Stamp expired is abnormal: -1571696
2024-08-09 14:54:38.290 W [MediaServer] [528291-stamp thread] util.cpp:385 operator() | Stamp expired is abnormal: 1547343
2024-08-09 14:54:38.321 W [MediaServer] [528291-event poller 1] Stamp.cpp:334 getNtpStampUS | rtp stamp abnormal reduced:2004031524 -> 2003754261
2024-08-09 14:54:37.018 W [MediaServer] [528291-stamp thread] util.cpp:385 operator() | Stamp expired is abnormal: -1533181
2024-08-09 14:55:38.291 W [MediaServer] [528291-stamp thread] util.cpp:385 operator() | Stamp expired is abnormal: 1534637
2024-08-09 14:55:38.296 W [MediaServer] [528291-event poller 1] Stamp.cpp:334 getNtpStampUS | rtp stamp abnormal reduced:2009429274 -> 2009144646
2024-08-09 14:55:37.062 W [MediaServer] [528291-stamp thread] util.cpp:385 operator() | Stamp expired is abnormal: -1575054
2024-08-09 14:56:38.297 W [MediaServer] [528291-stamp thread] util.cpp:385 operator() | Stamp expired is abnormal: 1581043
2024-08-09 14:56:38.320 W [MediaServer] [528291-event poller 1] Stamp.cpp:334 getNtpStampUS | rtp stamp abnormal reduced:2014831434 -> 2014553800
2024-08-09 14:56:37.076 W [MediaServer] [528291-stamp thread] util.cpp:385 operator() | Stamp expired is abnormal: -1564535
2024-08-09 14:57:38.298 W [MediaServer] [528291-stamp thread] util.cpp:385 operator() | Stamp expired is abnormal: 1568255
2024-08-09 14:57:38.340 W [MediaServer] [528291-event poller 1] Stamp.cpp:334 getNtpStampUS | rtp stamp abnormal reduced:2020233234 -> 2019955446
2024-08-09 14:57:37.082 W [MediaServer] [528291-stamp thread] util.cpp:385 operator() | Stamp expired is abnormal: -1581369
2024-08-09 14:58:38.296 W [MediaServer] [528291-stamp thread] util.cpp:385 operator() | Stamp expired is abnormal: 1579700
2024-08-09 14:58:38.313 W [MediaServer] [528291-event poller 1] Stamp.cpp:334 getNtpStampUS | rtp stamp abnormal reduced:2025630804 -> 2025349585
2024-08-09 14:58:43.318 W [MediaServer] [528291-event poller 1] Stamp.cpp:334 getNtpStampUS | rtp stamp abnormal reduced:2026081254 -> 2025800035
2024-08-09 14:58:48.323 W [MediaServer] [528291-event poller 1] Stamp.cpp:334 getNtpStampUS | rtp stamp abnormal reduced:2026531704 -> 2026257992
2024-08-09 14:58:53.329 W [MediaServer] [528291-event poller 1] Stamp.cpp:334 getNtpStampUS | rtp stamp abnormal reduced:2026982244 -> 2026700935
2024-08-09 14:58:52.223 W [MediaServer] [528291-stamp thread] util.cpp:385 operator() | Stamp expired is abnormal: -1578018
2024-08-09 14:59:38.303 W [MediaServer] [528291-stamp thread] util.cpp:385 operator() | Stamp expired is abnormal: 1584972
2024-08-09 14:59:38.335 W [MediaServer] [528291-event poller 1] Stamp.cpp:334 getNtpStampUS | rtp stamp abnormal reduced:2031032784 -> 2030751231
2024-08-09 14:59:37.015 W [MediaServer] [528291-stamp thread] util.cpp:385 operator() | Stamp expired is abnormal: -1539291
2024-08-09 15:00:38.346 W [MediaServer] [528291-stamp thread] util.cpp:385 operator() | Stamp expired is abnormal: 1583079
2024-08-09 15:00:38.354 W [MediaServer] [528291-event poller 1] Stamp.cpp:334 getNtpStampUS | rtp stamp abnormal reduced:2036434404 -> 2036152877
2024-08-09 15:00:37.106 W [MediaServer] [528291-stamp thread] util.cpp:385 operator() | Stamp expired is abnormal: -1560662
2024-08-09 15:01:38.354 W [MediaServer] [528291-stamp thread] util.cpp:385 operator() | Stamp expired is abnormal: 1569965
2024-08-09 15:01:38.379 W [MediaServer] [528291-event poller 1] Stamp.cpp:334 getNtpStampUS | rtp stamp abnormal reduced:2041836654 -> 2041554523
2024-08-09 15:01:37.088 W [MediaServer] [528291-stamp thread] util.cpp:385 operator() | Stamp expired is abnormal: -1536426
2024-08-09 15:02:38.394 W [MediaServer] [528291-stamp thread] util.cpp:385 operator() | Stamp expired is abnormal: 1576512
2024-08-09 15:02:38.396 W [MediaServer] [528291-event poller 1] Stamp.cpp:334 getNtpStampUS | rtp stamp abnormal reduced:2047238274 -> 2046956170
2024-08-09 15:02:37.166 W [MediaServer] [528291-stamp thread] util.cpp:385 operator() | Stamp expired is abnormal: -1575092
2024-08-09 15:03:38.411 W [MediaServer] [528291-stamp thread] util.cpp:385 operator() | Stamp expired is abnormal: 1594753
2024-08-09 15:03:38.429 W [MediaServer] [528291-event poller 1] Stamp.cpp:334 getNtpStampUS | rtp stamp abnormal reduced:2052641244 -> 2052354062
2024-08-09 15:03:37.180 W [MediaServer] [528291-stamp thread] util.cpp:385 operator() | Stamp expired is abnormal: -1567369
2024-08-09 15:04:38.379 W [MediaServer] [528291-stamp thread] util.cpp:385 operator() | Stamp expired is abnormal: 1534599
2024-08-09 15:04:38.414 W [MediaServer] [528291-event poller 1] Stamp.cpp:334 getNtpStampUS | rtp stamp abnormal reduced:2058039894 -> 2057751955
2024-08-09 15:04:37.110 W [MediaServer] [528291-stamp thread] util.cpp:385 operator() | Stamp expired is abnormal: -1532661
2024-08-09 15:05:38.415 W [MediaServer] [528291-stamp thread] util.cpp:385 operator() | Stamp expired is abnormal: 1571405
2024-08-09 15:05:38.425 W [MediaServer] [528291-event poller 1] Stamp.cpp:334 getNtpStampUS | rtp stamp abnormal reduced:2063440884 -> 2063146093
2024-08-09 15:05:37.191 W [MediaServer] [528291-stamp thread] util.cpp:385 operator() | Stamp expired is abnormal: -1583168
2024-08-09 15:06:38.407 W [MediaServer] [528291-stamp thread] util.cpp:385 operator() | Stamp expired is abnormal: 1578211
2024-08-09 15:06:38.436 W [MediaServer] [528291-event poller 1] Stamp.cpp:334 getNtpStampUS | rtp stamp abnormal reduced:2068841874 -> 2068559001
2024-08-09 15:06:37.164 W [MediaServer] [528291-stamp thread] util.cpp:385 operator() | Stamp expired is abnormal: -1591628
2024-08-09 15:07:38.359 W [MediaServer] [528291-stamp thread] util.cpp:385 operator() | Stamp expired is abnormal: 1544860
2024-08-09 15:07:38.363 W [MediaServer] [528291-event poller 1] Stamp.cpp:334 getNtpStampUS | rtp stamp abnormal reduced:2074235214 -> 2073964401
2024-08-09 15:07:37.090 W [MediaServer] [528291-stamp thread] util.cpp:385 operator() | Stamp expired is abnormal: -1533919
2024-08-09 15:08:38.420 W [MediaServer] [528291-stamp thread] util.cpp:385 operator() | Stamp expired is abnormal: 1595054
2024-08-09 15:08:38.437 W [MediaServer] [528291-event poller 1] Stamp.cpp:334 getNtpStampUS | rtp stamp abnormal reduced:2079641964 -> 2079362293
2024-08-09 15:08:37.159 W [MediaServer] [528291-stamp thread] util.cpp:385 operator() | Stamp expired is abnormal: -1541132
2024-08-09 15:09:38.422 W [MediaServer] [528291-stamp thread] util.cpp:385 operator() | Stamp expired is abnormal: 1547336
2024-08-09 15:09:38.459 W [MediaServer] [528291-event poller 1] Stamp.cpp:334 getNtpStampUS | rtp stamp abnormal reduced:2085043944 -> 2084756432
2024-08-09 15:09:43.464 W [MediaServer] [528291-event poller 1] Stamp.cpp:334 getNtpStampUS | rtp stamp abnormal reduced:2085494394 -> 2085199375
2024-08-09 15:09:48.468 W [MediaServer] [528291-event poller 1] Stamp.cpp:334 getNtpStampUS | rtp stamp abnormal reduced:2085944664 -> 2085664840
2024-08-09 15:09:53.474 W [MediaServer] [528291-event poller 1] Stamp.cpp:334 getNtpStampUS | rtp stamp abnormal reduced:2086395294 -> 2086111536
2024-08-09 15:09:52.347 W [MediaServer] [528291-stamp thread] util.cpp:385 operator() | Stamp expired is abnormal: -1589973
2024-08-09 15:10:38.426 W [MediaServer] [528291-stamp thread] util.cpp:385 operator() | Stamp expired is abnormal: 1596730
2024-08-09 15:10:38.441 W [MediaServer] [528291-event poller 1] Stamp.cpp:334 getNtpStampUS | rtp stamp abnormal reduced:2090442234 -> 2090150571
2024-08-09 15:10:37.198 W [MediaServer] [528291-stamp thread] util.cpp:385 operator() | Stamp expired is abnormal: -1604083
2024-08-09 15:11:38.419 W [MediaServer] [528291-stamp thread] util.cpp:385 operator() | Stamp expired is abnormal: 1596893
2024-08-09 15:11:38.449 W [MediaServer] [528291-event poller 1] Stamp.cpp:334 getNtpStampUS | rtp stamp abnormal reduced:2095842954 -> 2095555971
2024-08-09 15:11:37.196 W [MediaServer] [528291-stamp thread] util.cpp:385 operator() | Stamp expired is abnormal: -1584411
2024-08-09 15:12:38.370 W [MediaServer] [528291-stamp thread] util.cpp:385 operator() | Stamp expired is abnormal: 1535558
2024-08-09 15:12:38.374 W [MediaServer] [528291-event poller 1] Stamp.cpp:334 getNtpStampUS | rtp stamp abnormal reduced:2101236294 -> 2100950110
2024-08-09 15:12:37.142 W [MediaServer] [528291-stamp thread] util.cpp:385 operator() | Stamp expired is abnormal: -1579777
2024-08-09 15:13:38.344 W [MediaServer] [528291-stamp thread] util.cpp:385 operator() | Stamp expired is abnormal: 1554886
2024-08-09 15:13:38.367 W [MediaServer] [528291-event poller 1] Stamp.cpp:334 getNtpStampUS | rtp stamp abnormal reduced:2106635664 -> 2106363017
2024-08-09 15:13:37.079 W [MediaServer] [528291-stamp thread] util.cpp:385 operator() | Stamp expired is abnormal: -1568973
2024-08-09 15:14:38.343 W [MediaServer] [528291-stamp thread] util.cpp:385 operator() | Stamp expired is abnormal: 1568903
2024-08-09 15:14:38.424 W [MediaServer] [528291-event poller 1] Stamp.cpp:334 getNtpStampUS | rtp stamp abnormal reduced:2112037014 -> 2111760910
2024-08-09 15:14:37.050 W [MediaServer] [528291-stamp thread] util.cpp:385 operator() | Stamp expired is abnormal: -1543597
2024-08-09 15:15:38.350 W [MediaServer] [528291-stamp thread] util.cpp:385 operator() | Stamp expired is abnormal: 1552405
2024-08-09 15:15:38.366 W [MediaServer] [528291-event poller 1] Stamp.cpp:334 getNtpStampUS | rtp stamp abnormal reduced:2117435484 -> 2117151295
2024-08-09 15:15:37.118 W [MediaServer] [528291-stamp thread] util.cpp:385 operator() | Stamp expired is abnormal: -1565577
2024-08-09 15:16:38.372 W [MediaServer] [528291-stamp thread] util.cpp:385 operator() | Stamp expired is abnormal: 1588486
2024-08-09 15:16:38.404 W [MediaServer] [528291-event poller 1] Stamp.cpp:334 getNtpStampUS | rtp stamp abnormal reduced:2122838904 -> 2122556695
2024-08-09 15:16:37.085 W [MediaServer] [528291-stamp thread] util.cpp:385 operator() | Stamp expired is abnormal: -1548700
2024-08-09 15:17:38.399 W [MediaServer] [528291-stamp thread] util.cpp:385 operator() | Stamp expired is abnormal: 1576072
2024-08-09 15:17:38.407 W [MediaServer] [528291-event poller 1] Stamp.cpp:334 getNtpStampUS | rtp stamp abnormal reduced:2128239174 -> 2127954587
2024-08-09 15:17:37.153 W [MediaServer] [528291-stamp thread] util.cpp:385 operator() | Stamp expired is abnormal: -1582534
2024-08-09 15:18:38.388 W [MediaServer] [528291-stamp thread] util.cpp:385 operator() | Stamp expired is abnormal: 1574340
2024-08-09 15:18:38.414 W [MediaServer] [528291-event poller 1] Stamp.cpp:334 getNtpStampUS | rtp stamp abnormal reduced:2133639894 -> 2133359987
2024-08-09 15:18:37.126 W [MediaServer] [528291-stamp thread] util.cpp:385 operator() | Stamp expired is abnormal: -1572917
2024-08-09 15:19:38.389 W [MediaServer] [528291-stamp thread] util.cpp:385 operator() | Stamp expired is abnormal: 1575862
2024-08-09 15:19:38.392 W [MediaServer] [528291-event poller 1] Stamp.cpp:334 getNtpStampUS | rtp stamp abnormal reduced:2139037914 -> 2138750372
2024-08-09 15:19:37.121 W [MediaServer] [528291-stamp thread] util.cpp:385 operator() | Stamp expired is abnormal: -1546293
2024-08-09 15:20:38.387 W [MediaServer] [528291-stamp thread] util.cpp:385 operator() | Stamp expired is abnormal: 1545093
2024-08-09 15:20:38.404 W [MediaServer] [528291-event poller 1] Stamp.cpp:334 getNtpStampUS | rtp stamp abnormal reduced:2144438994 -> 2144159526
2024-08-09 15:20:37.119 W [MediaServer] [528291-stamp thread] util.cpp:385 operator() | Stamp expired is abnormal: -1536893
2024-08-09 15:21:38.388 W [MediaServer] [528291-stamp thread] util.cpp:385 operator() | Stamp expired is abnormal: 1539431
2024-08-09 15:21:38.421 W [MediaServer] [528291-event poller 1] Stamp.cpp:334 getNtpStampUS | rtp stamp abnormal reduced:2149840524 -> 2149557418
2024-08-09 15:21:37.103 W [MediaServer] [528291-stamp thread] util.cpp:385 operator() | Stamp expired is abnormal: -1549985
2024-08-09 15:22:38.386 W [MediaServer] [528291-stamp thread] util.cpp:385 operator() | Stamp expired is abnormal: 1549542
2024-08-09 15:22:38.397 W [MediaServer] [528291-event poller 1] Stamp.cpp:334 getNtpStampUS | rtp stamp abnormal reduced:2155238274 -> 2154951557
2024-08-09 15:22:37.120 W [MediaServer] [528291-stamp thread] util.cpp:385 operator() | Stamp expired is abnormal: -1534992
2024-08-09 15:23:38.427 W [MediaServer] [528291-stamp thread] util.cpp:385 operator() | Stamp expired is abnormal: 1576693
2024-08-09 15:23:38.455 W [MediaServer] [528291-event poller 1] Stamp.cpp:334 getNtpStampUS | rtp stamp abnormal reduced:2160643494 -> 2160368218
2024-08-09 15:23:37.162 W [MediaServer] [528291-stamp thread] util.cpp:385 operator() | Stamp expired is abnormal: -1535175
2024-08-09 15:24:38.448 W [MediaServer] [528291-stamp thread] util.cpp:385 operator() | Stamp expired is abnormal: 1557087
2024-08-09 15:24:38.453 W [MediaServer] [528291-event poller 1] Stamp.cpp:334 getNtpStampUS | rtp stamp abnormal reduced:2166043404 -> 2165754850
2024-08-09 15:24:37.210 W [MediaServer] [528291-stamp thread] util.cpp:385 operator() | Stamp expired is abnormal: -1571372
2024-08-09 15:25:38.427 W [MediaServer] [528291-stamp thread] util.cpp:385 operator() | Stamp expired is abnormal: 1551756
2024-08-09 15:25:38.446 W [MediaServer] [528291-event poller 1] Stamp.cpp:334 getNtpStampUS | rtp stamp abnormal reduced:2171442774 -> 2171148988
2024-08-09 15:25:37.149 W [MediaServer] [528291-stamp thread] util.cpp:385 operator() | Stamp expired is abnormal: -1539318
2024-08-09 15:26:38.426 W [MediaServer] [528291-stamp thread] util.cpp:385 operator() | Stamp expired is abnormal: 1540404
2024-08-09 15:26:38.463 W [MediaServer] [528291-event poller 1] Stamp.cpp:334 getNtpStampUS | rtp stamp abnormal reduced:2176844304 -> 2176558142
2024-08-09 15:26:37.199 W [MediaServer] [528291-stamp thread] util.cpp:385 operator() | Stamp expired is abnormal: -1582246
2024-08-09 15:27:38.432 W [MediaServer] [528291-stamp thread] util.cpp:385 operator() | Stamp expired is abnormal: 1593003
2024-08-09 15:27:38.441 W [MediaServer] [528291-event poller 1] Stamp.cpp:334 getNtpStampUS | rtp stamp abnormal reduced:2182242324 -> 2181959788
2024-08-09 15:27:37.172 W [MediaServer] [528291-stamp thread] util.cpp:385 operator() | Stamp expired is abnormal: -1558344
2024-08-09 15:28:38.427 W [MediaServer] [528291-stamp thread] util.cpp:385 operator() | Stamp expired is abnormal: 1572762
2024-08-09 15:28:38.458 W [MediaServer] [528291-event poller 1] Stamp.cpp:334 getNtpStampUS | rtp stamp abnormal reduced:2187643854 -> 2187353927
2024-08-09 15:28:37.201 W [MediaServer] [528291-stamp thread] util.cpp:385 operator() | Stamp expired is abnormal: -1586239
2024-08-09 15:29:38.433 W [MediaServer] [528291-stamp thread] util.cpp:385 operator() | Stamp expired is abnormal: 1591973
2024-08-09 15:29:38.438 W [MediaServer] [528291-event poller 1] Stamp.cpp:334 getNtpStampUS | rtp stamp abnormal reduced:2193042054 -> 2192755573
2024-08-09 15:29:37.180 W [MediaServer] [528291-stamp thread] util.cpp:385 operator() | Stamp expired is abnormal: -1588743
2024-08-09 15:30:38.394 W [MediaServer] [528291-stamp thread] util.cpp:385 operator() | Stamp expired is abnormal: 1550842
2024-08-09 15:30:38.415 W [MediaServer] [528291-event poller 1] Stamp.cpp:334 getNtpStampUS | rtp stamp abnormal reduced:2198439984 -> 2198157220
2024-08-09 15:30:37.149 W [MediaServer] [528291-stamp thread] util.cpp:385 operator() | Stamp expired is abnormal: -1565868
2024-08-09 15:31:38.389 W [MediaServer] [528291-stamp thread] util.cpp:385 operator() | Stamp expired is abnormal: 1562953
2024-08-09 15:31:38.431 W [MediaServer] [528291-event poller 1] Stamp.cpp:334 getNtpStampUS | rtp stamp abnormal reduced:2203841424 -> 2203555112
2024-08-09 15:31:37.171 W [MediaServer] [528291-stamp thread] util.cpp:385 operator() | Stamp expired is abnormal: -1586465
2024-08-09 15:32:38.359 W [MediaServer] [528291-stamp thread] util.cpp:385 operator() | Stamp expired is abnormal: 1556562
2024-08-09 15:32:38.375 W [MediaServer] [528291-event poller 1] Stamp.cpp:334 getNtpStampUS | rtp stamp abnormal reduced:2209236384 -> 2208949251
2024-08-09 15:32:37.076 W [MediaServer] [528291-stamp thread] util.cpp:385 operator() | Stamp expired is abnormal: -1548657
2024-08-09 15:33:38.414 W [MediaServer] [528291-stamp thread] util.cpp:385 operator() | Stamp expired is abnormal: 1608673
2024-08-09 15:33:38.449 W [MediaServer] [528291-event poller 1] Stamp.cpp:334 getNtpStampUS | rtp stamp abnormal reduced:2214643044 -> 2214358405
2024-08-09 15:33:37.169 W [MediaServer] [528291-stamp thread] util.cpp:385 operator() | Stamp expired is abnormal: -1594147
2024-08-09 15:34:38.400 W [MediaServer] [528291-stamp thread] util.cpp:385 operator() | Stamp expired is abnormal: 1581593
2024-08-09 15:34:38.409 W [MediaServer] [528291-event poller 1] Stamp.cpp:334 getNtpStampUS | rtp stamp abnormal reduced:2220039444 -> 2219752543
2024-08-09 15:34:37.124 W [MediaServer] [528291-stamp thread] util.cpp:385 operator() | Stamp expired is abnormal: -1568710
2024-08-09 15:35:38.385 W [MediaServer] [528291-stamp thread] util.cpp:385 operator() | Stamp expired is abnormal: 1554060
2024-08-09 15:35:38.411 W [MediaServer] [528291-event poller 1] Stamp.cpp:334 getNtpStampUS | rtp stamp abnormal reduced:2225439624 -> 2225157943
2024-08-09 15:35:37.134 W [MediaServer] [528291-stamp thread] util.cpp:385 operator() | Stamp expired is abnormal: -1587181
2024-08-09 15:36:38.355 W [MediaServer] [528291-stamp thread] util.cpp:385 operator() | Stamp expired is abnormal: 1558790
2024-08-09 15:36:38.360 W [MediaServer] [528291-event poller 1] Stamp.cpp:334 getNtpStampUS | rtp stamp abnormal reduced:2230835034 -> 2230548328
2024-08-09 15:36:37.082 W [MediaServer] [528291-stamp thread] util.cpp:385 operator() | Stamp expired is abnormal: -1564833
2024-08-09 15:37:38.368 W [MediaServer] [528291-stamp thread] util.cpp:385 operator() | Stamp expired is abnormal: 1578516
2024-08-09 15:37:38.428 W [MediaServer] [528291-event poller 1] Stamp.cpp:334 getNtpStampUS | rtp stamp abnormal reduced:2236237374 -> 2235961236
2024-08-09 15:37:37.124 W [MediaServer] [528291-stamp thread] util.cpp:385 operator() | Stamp expired is abnormal: -1580925
2024-08-09 15:38:38.354 W [MediaServer] [528291-stamp thread] util.cpp:385 operator() | Stamp expired is abnormal: 1567007
2024-08-09 15:38:38.430 W [MediaServer] [528291-event poller 1] Stamp.cpp:334 getNtpStampUS | rtp stamp abnormal reduced:2241637554 -> 2241362882
2024-08-09 15:38:37.092 W [MediaServer] [528291-stamp thread] util.cpp:385 operator() | Stamp expired is abnormal: -1581368
2024-08-09 15:39:38.319 W [MediaServer] [528291-stamp thread] util.cpp:385 operator() | Stamp expired is abnormal: 1546521
2024-08-09 15:39:38.371 W [MediaServer] [528291-event poller 1] Stamp.cpp:334 getNtpStampUS | rtp stamp abnormal reduced:2247032244 -> 2246757021
2024-08-09 15:39:37.043 W [MediaServer] [528291-stamp thread] util.cpp:385 operator() | Stamp expired is abnormal: -1542419
2024-08-09 15:40:38.317 W [MediaServer] [528291-stamp thread] util.cpp:385 operator() | Stamp expired is abnormal: 1540848
2024-08-09 15:40:38.344 W [MediaServer] [528291-event poller 1] Stamp.cpp:334 getNtpStampUS | rtp stamp abnormal reduced:2252433504 -> 2252158667
2024-08-09 15:40:37.028 W [MediaServer] [528291-stamp thread] util.cpp:385 operator() | Stamp expired is abnormal: -1551827
2024-08-09 15:41:38.329 W [MediaServer] [528291-stamp thread] util.cpp:385 operator() | Stamp expired is abnormal: 1565249
2024-08-09 15:41:38.331 W [MediaServer] [528291-event poller 1] Stamp.cpp:334 getNtpStampUS | rtp stamp abnormal reduced:2257832424 -> 2257560313
2024-08-09 15:41:37.038 W [MediaServer] [528291-stamp thread] util.cpp:385 operator() | Stamp expired is abnormal: -1550663
2024-08-09 15:42:38.354 W [MediaServer] [528291-stamp thread] util.cpp:385 operator() | Stamp expired is abnormal: 1575496
2024-08-09 15:42:38.374 W [MediaServer] [528291-event poller 1] Stamp.cpp:334 getNtpStampUS | rtp stamp abnormal reduced:2263236294 -> 2262958206
2024-08-09 15:42:37.064 W [MediaServer] [528291-stamp thread] util.cpp:385 operator() | Stamp expired is abnormal: -1549696
2024-08-09 15:43:38.356 W [MediaServer] [528291-stamp thread] util.cpp:385 operator() | Stamp expired is abnormal: 1554396
2024-08-09 15:43:38.395 W [MediaServer] [528291-event poller 1] Stamp.cpp:334 getNtpStampUS | rtp stamp abnormal reduced:2268638004 -> 2268352345
2024-08-09 15:43:37.105 W [MediaServer] [528291-stamp thread] util.cpp:385 operator() | Stamp expired is abnormal: -1560981
2024-08-09 15:44:38.340 W [MediaServer] [528291-stamp thread] util.cpp:385 operator() | Stamp expired is abnormal: 1545616
2024-08-09 15:44:38.395 W [MediaServer] [528291-event poller 1] Stamp.cpp:334 getNtpStampUS | rtp stamp abnormal reduced:2274034404 -> 2273761498
2024-08-09 15:44:37.060 W [MediaServer] [528291-stamp thread] util.cpp:385 operator() | Stamp expired is abnormal: -1566305
2024-08-09 15:45:38.326 W [MediaServer] [528291-stamp thread] util.cpp:385 operator() | Stamp expired is abnormal: 1552387
2024-08-09 15:45:38.398 W [MediaServer] [528291-event poller 1] Stamp.cpp:334 getNtpStampUS | rtp stamp abnormal reduced:2279434494 -> 2279159391
2024-08-09 15:45:37.059 W [MediaServer] [528291-stamp thread] util.cpp:385 operator() | Stamp expired is abnormal: -1574226
2024-08-09 15:46:38.308 W [MediaServer] [528291-stamp thread] util.cpp:385 operator() | Stamp expired is abnormal: 1558170
2024-08-09 15:46:38.312 W [MediaServer] [528291-event poller 1] Stamp.cpp:334 getNtpStampUS | rtp stamp abnormal reduced:2284830714 -> 2284549776
2024-08-09 15:46:37.061 W [MediaServer] [528291-stamp thread] util.cpp:385 operator() | Stamp expired is abnormal: -1595543
2024-08-09 15:47:38.257 W [MediaServer] [528291-stamp thread] util.cpp:385 operator() | Stamp expired is abnormal: 1544155
2024-08-09 15:47:38.277 W [MediaServer] [528291-event poller 1] Stamp.cpp:334 getNtpStampUS | rtp stamp abnormal reduced:2290227564 -> 2289955176
2024-08-09 15:47:36.997 W [MediaServer] [528291-stamp thread] util.cpp:385 operator() | Stamp expired is abnormal: -1580664
2024-08-09 15:48:38.233 W [MediaServer] [528291-stamp thread] util.cpp:385 operator() | Stamp expired is abnormal: 1557296
2024-08-09 15:48:38.269 W [MediaServer] [528291-event poller 1] Stamp.cpp:334 getNtpStampUS | rtp stamp abnormal reduced:2295626844 -> 2295353068
2024-08-09 15:48:36.980 W [MediaServer] [528291-stamp thread] util.cpp:385 operator() | Stamp expired is abnormal: -1561140
2024-08-09 15:49:38.223 W [MediaServer] [528291-stamp thread] util.cpp:385 operator() | Stamp expired is abnormal: 1552500
2024-08-09 15:49:38.235 W [MediaServer] [528291-event poller 1] Stamp.cpp:334 getNtpStampUS | rtp stamp abnormal reduced:2301023784 -> 2300750961
2024-08-09 15:49:36.950 W [MediaServer] [528291-stamp thread] util.cpp:385 operator() | Stamp expired is abnormal: -1542507
2024-08-09 15:50:38.249 W [MediaServer] [528291-stamp thread] util.cpp:385 operator() | Stamp expired is abnormal: 1571342
2024-08-09 15:50:37.008 W [MediaServer] [528291-stamp thread] util.cpp:385 operator() | Stamp expired is abnormal: -1605308
2024-08-09 15:51:38.212 W [MediaServer] [528291-stamp thread] util.cpp:385 operator() | Stamp expired is abnormal: 1568356
2024-08-09 15:51:36.918 W [MediaServer] [528291-stamp thread] util.cpp:385 operator() | Stamp expired is abnormal: -1549483
2024-08-09 15:52:38.213 W [MediaServer] [528291-stamp thread] util.cpp:385 operator() | Stamp expired is abnormal: 1552477
2024-08-09 15:52:36.947 W [MediaServer] [528291-stamp thread] util.cpp:385 operator() | Stamp expired is abnormal: -1549277
2024-08-09 15:53:38.215 W [MediaServer] [528291-stamp thread] util.cpp:385 operator() | Stamp expired is abnormal: 1552364
2024-08-09 15:53:36.935 W [MediaServer] [528291-stamp thread] util.cpp:385 operator() | Stamp expired is abnormal: -1547621
2024-08-09 15:54:38.255 W [MediaServer] [528291-stamp thread] util.cpp:385 operator() | Stamp expired is abnormal: 1588577
2024-08-09 15:54:36.993 W [MediaServer] [528291-stamp thread] util.cpp:385 operator() | Stamp expired is abnormal: -1589233
2024-08-09 15:55:38.217 W [MediaServer] [528291-stamp thread] util.cpp:385 operator() | Stamp expired is abnormal: 1553213
2024-08-09 15:55:36.917 W [MediaServer] [528291-stamp thread] util.cpp:385 operator() | Stamp expired is abnormal: -1550284
2024-08-09 15:56:38.225 W [MediaServer] [528291-stamp thread] util.cpp:385 operator() | Stamp expired is abnormal: 1558500
2024-08-09 15:56:36.927 W [MediaServer] [528291-stamp thread] util.cpp:385 operator() | Stamp expired is abnormal: -1548705
2024-08-09 15:57:38.222 W [MediaServer] [528291-stamp thread] util.cpp:385 operator() | Stamp expired is abnormal: 1545793
2024-08-09 15:57:36.985 W [MediaServer] [528291-stamp thread] util.cpp:385 operator() | Stamp expired is abnormal: -1542070
2024-08-09 15:58:38.217 W [MediaServer] [528291-stamp thread] util.cpp:385 operator() | Stamp expired is abnormal: 1538104
2024-08-09 15:58:36.939 W [MediaServer] [528291-stamp thread] util.cpp:385 operator() | Stamp expired is abnormal: -1545947
2024-08-09 15:59:38.220 W [MediaServer] [528291-stamp thread] util.cpp:385 operator() | Stamp expired is abnormal: 1550964
2024-08-09 15:59:36.930 W [MediaServer] [528291-stamp thread] util.cpp:385 operator() | Stamp expired is abnormal: -1561206
2024-08-09 16:00:38.212 W [MediaServer] [528291-stamp thread] util.cpp:385 operator() | Stamp expired is abnormal: 1555363
2024-08-09 16:00:36.923 W [MediaServer] [528291-stamp thread] util.cpp:385 operator() | Stamp expired is abnormal: -1562679
2024-08-09 16:01:38.195 W [MediaServer] [528291-stamp thread] util.cpp:385 operator() | Stamp expired is abnormal: 1547521
2024-08-09 16:01:36.926 W [MediaServer] [528291-stamp thread] util.cpp:385 operator() | Stamp expired is abnormal: -1541790
2024-08-09 16:02:38.249 W [MediaServer] [528291-stamp thread] util.cpp:385 operator() | Stamp expired is abnormal: 1596841
2024-08-09 16:02:38.320 W [MediaServer] [528291-event poller 1] Stamp.cpp:334 getNtpStampUS | rtp stamp abnormal reduced:2371227564 -> 2370957347
2024-08-09 16:02:36.955 W [MediaServer] [528291-stamp thread] util.cpp:385 operator() | Stamp expired is abnormal: -1552994
2024-08-09 16:03:51.040 I [MediaServer] [528291-event poller 1] MediaSource.cpp:476 emitEvent | 媒体注销:hls://__defaultVhost__/live/123
2024-08-09 16:03:51.040 I [MediaServer] [528291-event poller 1] MediaSource.cpp:476 emitEvent | 媒体注销:ts://__defaultVhost__/live/123
2024-08-09 16:03:51.040 I [MediaServer] [528291-event poller 1] MediaSource.cpp:476 emitEvent | 媒体注销:rtmp://__defaultVhost__/live/123
2024-08-09 16:03:51.040 I [MediaServer] [528291-event poller 1] MediaSource.cpp:476 emitEvent | 媒体注销:fmp4://__defaultVhost__/live/123
2024-08-09 16:03:51.041 I [MediaServer] [528291-event poller 1] MediaSource.cpp:476 emitEvent | 媒体注销:rtsp://__defaultVhost__/live/123
2024-08-09 16:03:51.041 W [MediaServer] [528291-event poller 1] RtspSession.cpp:62 onError | 1-29(192.168.74.128:51100) RTSP推流器(__defaultVhost__/live/123)断开:recv teardown request,耗时(s):6593
2024-08-09 17:04:35.607 W [MediaServer] [528291-stamp thread] util.cpp:385 operator() | Stamp expired is abnormal: 2684747
2024-08-09 17:06:30.887 W [MediaServer] [528291-stamp thread] util.cpp:385 operator() | Stamp expired is abnormal: 115262547
2024-08-09 18:19:38.497 W [MediaServer] [528291-event poller 2] EventPoller.cpp:255 async_l | take time: 9ms, thread may be overloaded
2024-08-09 18:24:56.658 D [MediaServer] [528291-event poller 1] MediaSink.cpp:162 emitAllTrackReady | All track ready use 1788ms
2024-08-09 18:24:56.660 I [MediaServer] [528291-event poller 1] MediaSource.cpp:476 emitEvent | 媒体注册:fmp4://__defaultVhost__/live/123
2024-08-09 18:24:56.660 I [MediaServer] [528291-event poller 1] MultiMediaSourceMuxer.cpp:562 onAllTrackReady | stream: rtsp://192.168.74.128:554/live/123 , codec info: mpeg4-generic[8000/1/16] H264[848/480/24] 
2024-08-09 18:24:56.660 I [MediaServer] [528291-event poller 1] MediaSource.cpp:476 emitEvent | 媒体注册:rtmp://__defaultVhost__/live/123
2024-08-09 18:24:56.660 I [MediaServer] [528291-event poller 1] MediaSource.cpp:476 emitEvent | 媒体注册:ts://__defaultVhost__/live/123
2024-08-09 18:24:56.660 I [MediaServer] [528291-event poller 1] MediaSource.cpp:476 emitEvent | 媒体注册:rtsp://__defaultVhost__/live/123
2024-08-09 18:25:07.084 I [MediaServer] [528291-event poller 1] MediaSource.cpp:476 emitEvent | 媒体注册:hls://__defaultVhost__/live/123
2024-08-09 18:25:26.546 I [MediaServer] [528291-event poller 0] RtspSession.cpp:819 handleReq_Play | 7-44(192.168.74.128:42919) rtsp seekTo(ms):0
2024-08-09 18:25:26.546 I [MediaServer] [528291-event poller 0] RtspSession.cpp:849 handleReq_Play | 7-44(192.168.74.128:42919) 指定播放track:0
2024-08-09 18:25:43.666 W [MediaServer] [528291-event poller 0] RtspSession.cpp:62 onError | 7-44(192.168.74.128:42919) RTSP播放器(__defaultVhost__/live/123)断开:end of file,耗时(s):17
2024-08-09 18:33:59.240 I [MediaServer] [528291-MediaServer] WebApi.cpp:680 operator() | reload config:api.secret=035c73f7-bb6b-4889-a715-d9eb2d1925cc
2024-08-09 18:33:59.414 W [MediaServer] [528291-event poller 1] RtspSession.cpp:62 onError | 6-30(192.168.74.128:37354) RTSP推流器(__defaultVhost__/live/123)断开:end of file,耗时(s):544
2024-08-09 18:34:14.415 I [MediaServer] [528291-event poller 1] MediaSource.cpp:476 emitEvent | 媒体注销:hls://__defaultVhost__/live/123
2024-08-09 18:34:14.415 I [MediaServer] [528291-event poller 1] MediaSource.cpp:476 emitEvent | 媒体注销:ts://__defaultVhost__/live/123
2024-08-09 18:34:14.415 I [MediaServer] [528291-event poller 1] MediaSource.cpp:476 emitEvent | 媒体注销:rtmp://__defaultVhost__/live/123
2024-08-09 18:34:14.415 I [MediaServer] [528291-event poller 1] MediaSource.cpp:476 emitEvent | 媒体注销:fmp4://__defaultVhost__/live/123
2024-08-09 18:34:14.415 I [MediaServer] [528291-event poller 1] MediaSource.cpp:476 emitEvent | 媒体注销:rtsp://__defaultVhost__/live/123
2024-08-09 18:34:48.446 I [MediaServer] [528291-MediaServer] main.cpp:416 operator() | SIGINT:exit
2024-08-09 18:34:48.446 I [MediaServer] [528291-MediaServer] UdpServer.cpp:64 ~UdpServer | Close udp server [::]: 9000
2024-08-09 18:34:48.447 I [MediaServer] [528291-MediaServer] TcpServer.cpp:50 ~TcpServer | Close tcp server [::]: 10000
2024-08-09 18:34:48.447 I [MediaServer] [528291-MediaServer] UdpServer.cpp:64 ~UdpServer | Close udp server [::]: 10000
2024-08-09 18:34:48.448 I [MediaServer] [528291-MediaServer] TcpServer.cpp:50 ~TcpServer | Close tcp server [::]: 443
2024-08-09 18:34:48.451 I [MediaServer] [528291-MediaServer] TcpServer.cpp:50 ~TcpServer | Close tcp server [::]: 80
2024-08-09 18:34:48.451 I [MediaServer] [528291-MediaServer] TcpServer.cpp:50 ~TcpServer | Close tcp server [::]: 1935
2024-08-09 18:34:48.451 I [MediaServer] [528291-MediaServer] TcpServer.cpp:50 ~TcpServer | Close tcp server [::]: 554
2024-08-09 18:34:48.453 I [MediaServer] [528291-MediaServer] main.cpp:437 start_main | 程序退出中,请等待...
2024-08-09 18:34:49.453 I [MediaServer] [528291-MediaServer] main.cpp:439 start_main | 程序退出完毕!
2024-08-09 18:34:49.458 I [MediaServer] [528291-MediaServer] EventPoller.cpp:108 ~EventPoller | work poller 0
2024-08-09 18:34:49.459 I [MediaServer] [528291-MediaServer] EventPoller.cpp:108 ~EventPoller | work poller 1
2024-08-09 18:34:49.460 I [MediaServer] [528291-MediaServer] EventPoller.cpp:108 ~EventPoller | work poller 2
2024-08-09 18:34:49.461 I [MediaServer] [528291-MediaServer] EventPoller.cpp:108 ~EventPoller | work poller 3
2024-08-09 18:34:49.463 I [MediaServer] [528291-MediaServer] EventPoller.cpp:108 ~EventPoller | event poller 0
2024-08-09 18:34:49.465 I [MediaServer] [528291-MediaServer] EventPoller.cpp:108 ~EventPoller | event poller 1
2024-08-09 18:34:49.466 I [MediaServer] [528291-MediaServer] EventPoller.cpp:108 ~EventPoller | event poller 2
2024-08-09 18:34:49.467 I [MediaServer] [528291-MediaServer] EventPoller.cpp:108 ~EventPoller | event poller 3
2024-08-09 18:34:49.489 I [MediaServer] [528291-MediaServer] logger.cpp:91 ~Logger | 
